
SQL*Loader: Release 11.2.0.2.0 - Production on Mon Dec 5 21:16:45 2016

Copyright (c) 1982, 2009, Oracle and/or its affiliates.  All rights reserved.

Control File:   C:\Users\Nick\Desktop\471project\controlfiles_loading\credit_card.ctl
Data File:      C:\Users\Nick\Desktop\471project\controlfiles_loading\CARD1.csv
  Bad File:     C:\Users\Nick\Desktop\471project\controlfiles_loading\credit_card.bad
  Discard File: C:\Users\Nick\Desktop\471project\controlfiles_loading\credit_card_disc.dsc 
 (Allow all discards)

Number to load: ALL
Number to skip: 1
Errors allowed: 50
Bind array:     64 rows, maximum of 256000 bytes
Continuation:    none specified
Path used:      Conventional

Table CREDIT_CARD, loaded from every logical record.
Insert option in effect for this table: TRUNCATE
TRAILING NULLCOLS option in effect

   Column Name                  Position   Len  Term Encl Datatype
------------------------------ ---------- ----- ---- ---- ---------------------
CUSTOMER_ID                         FIRST     *   ,  O(") CHARACTER            
CARD_ID                              NEXT     *   ,  O(") CHARACTER            
    SQL string for column : "credit_card_seq.nextval"
CARD_NUMBER                          NEXT     *   ,  O(") CHARACTER            
CARD_TYPE                            NEXT     *   ,  O(") CHARACTER            
EXPIRY_DATE                          NEXT     *   ,  O(") DATE dd/mm/yyyy      


Table CREDIT_CARD:
  232 Rows successfully loaded.
  0 Rows not loaded due to data errors.
  0 Rows not loaded because all WHEN clauses were failed.
  0 Rows not loaded because all fields were null.


Space allocated for bind array:                  82560 bytes(64 rows)
Read   buffer bytes: 1048576

Total logical records skipped:          1
Total logical records read:           232
Total logical records rejected:         0
Total logical records discarded:        0

Run began on Mon Dec 05 21:16:45 2016
Run ended on Mon Dec 05 21:16:45 2016

Elapsed time was:     00:00:00.38
CPU time was:         00:00:00.06
