
SQL*Loader: Release 11.2.0.2.0 - Production on Wed Nov 30 11:25:14 2016

Copyright (c) 1982, 2009, Oracle and/or its affiliates.  All rights reserved.

Control File:   C:\Users\Nick\Desktop\471project\controlfiles_loading\destination.ctl
Data File:      C:\Users\Nick\Desktop\471project\controlfiles_loading\destination.ctl
  Bad File:     C:\Users\Nick\Desktop\471project\controlfiles_loading\destination.bad
  Discard File: C:\Users\Nick\Desktop\471project\controlfiles_loading\destination.dsc 
 (Allow all discards)

Number to load: ALL
Number to skip: 0
Errors allowed: 50
Bind array:     64 rows, maximum of 256000 bytes
Continuation:    none specified
Path used:      Conventional

Table DESTINATION, loaded from every logical record.
Insert option in effect for this table: TRUNCATE
TRAILING NULLCOLS option in effect

   Column Name                  Position   Len  Term Encl Datatype
------------------------------ ---------- ----- ---- ---- ---------------------
DESTINATION_CODE                    FIRST     *   ,  O(") CHARACTER            
DESTINATION_NAME                     NEXT     *   ,  O(") CHARACTER            


Table DESTINATION:
  10 Rows successfully loaded.
  0 Rows not loaded due to data errors.
  0 Rows not loaded because all WHEN clauses were failed.
  0 Rows not loaded because all fields were null.


Space allocated for bind array:                  33024 bytes(64 rows)
Read   buffer bytes: 1048576

Total logical records skipped:          0
Total logical records read:            10
Total logical records rejected:         0
Total logical records discarded:        0

Run began on Wed Nov 30 11:25:14 2016
Run ended on Wed Nov 30 11:25:14 2016

Elapsed time was:     00:00:00.25
CPU time was:         00:00:00.04
