
SQL*Loader: Release 11.2.0.2.0 - Production on Wed Nov 30 11:15:41 2016

Copyright (c) 1982, 2009, Oracle and/or its affiliates.  All rights reserved.

Control File:   C:\Users\Nick\Desktop\471project\controlfiles_loading\prod_cat.ctl
Data File:      C:\Users\Nick\Desktop\471project\controlfiles_loading\prod_cat.cvs
  Bad File:     C:\Users\Nick\Desktop\471project\controlfiles_loading\prod_cat.bad
  Discard File: C:\Users\Nick\Desktop\471project\controlfiles_loading\prod_cat.dsc 
 (Allow all discards)

Number to load: ALL
Number to skip: 0
Errors allowed: 50
Bind array:     64 rows, maximum of 256000 bytes
Continuation:    none specified
Path used:      Conventional

Table PRODUCT_CATEGORY, loaded from every logical record.
Insert option in effect for this table: TRUNCATE
TRAILING NULLCOLS option in effect

   Column Name                  Position   Len  Term Encl Datatype
------------------------------ ---------- ----- ---- ---- ---------------------
PRODUCT_CAT_ID                      FIRST     *   ,  O(") CHARACTER            
PRODUCT_CAT_NAME                     NEXT     *   ,  O(") CHARACTER            
PRODUCT_CAT_MIN_RANGE                NEXT     *   ,  O(") CHARACTER            
PRODUCT_CAT_MAX_RANGE                NEXT     *   ,  O(") CHARACTER            


Table PRODUCT_CATEGORY:
  11 Rows successfully loaded.
  0 Rows not loaded due to data errors.
  0 Rows not loaded because all WHEN clauses were failed.
  0 Rows not loaded because all fields were null.


Space allocated for bind array:                  66048 bytes(64 rows)
Read   buffer bytes: 1048576

Total logical records skipped:          0
Total logical records read:            11
Total logical records rejected:         0
Total logical records discarded:        0

Run began on Wed Nov 30 11:15:41 2016
Run ended on Wed Nov 30 11:15:41 2016

Elapsed time was:     00:00:00.23
CPU time was:         00:00:00.05
