
SQL*Loader: Release 11.2.0.2.0 - Production on Sun Dec 4 14:05:56 2016

Copyright (c) 1982, 2009, Oracle and/or its affiliates.  All rights reserved.

Control File:   C:\Users\Nick\Desktop\471project\adhoctables_loading\supplier_data_adhoc\supplier_data.ctl
Data File:      C:\Users\Nick\Desktop\471project\adhoctables_loading\supplier_data_adhoc\SupplierData.csv
  Bad File:     C:\Users\Nick\Desktop\471project\adhoctables_loading\supplier_data_adhoc\SupplierData.bad
  Discard File: C:\Users\Nick\Desktop\471project\adhoctables_loading\supplier_data_adhoc\SupplierData.dsc 
 (Allow all discards)

Number to load: ALL
Number to skip: 1
Errors allowed: 50
Continuation:    none specified
Path used:      Direct

Table SUPPLIER_DATA, loaded from every logical record.
Insert option in effect for this table: TRUNCATE
TRAILING NULLCOLS option in effect

   Column Name                  Position   Len  Term Encl Datatype
------------------------------ ---------- ----- ---- ---- ---------------------
PRODUCT_SUPPLIER                    FIRST     *   ,  O(") CHARACTER            
PRODUCT_CATEGORY                     NEXT     *   ,  O(") CHARACTER            
SUPPLIER_OFFICE                      NEXT     *   ,  O(") CHARACTER            
PRODUCT_DESCRIPTION                  NEXT     *   ,  O(") CHARACTER            
CONTACT_NAME                         NEXT     *   ,  O(") CHARACTER            
COMPANY                              NEXT     *   ,  O(") CHARACTER            
ADDRESS1                             NEXT     *   ,  O(") CHARACTER            
ADDRESS2                             NEXT     *   ,  O(") CHARACTER            
CITY                                 NEXT     *   ,  O(") CHARACTER            
PROV_STATE                           NEXT     *   ,  O(") CHARACTER            
ZIP_POSTAL                           NEXT     *   ,  O(") CHARACTER            
COUNTRY                              NEXT     *   ,  O(") CHARACTER            
PHONE                                NEXT     *   ,  O(") CHARACTER            
FAX                                  NEXT     *   ,  O(") CHARACTER            
EMAIL                                NEXT     *   ,  O(") CHARACTER            
WEB                                  NEXT     *   ,  O(") CHARACTER            
REPRESENTS                           NEXT     *   ,  O(") CHARACTER            
AFFILIATION                          NEXT     *   ,  O(") CHARACTER            


Table SUPPLIER_DATA:
  1193 Rows successfully loaded.
  0 Rows not loaded due to data errors.
  0 Rows not loaded because all WHEN clauses were failed.
  0 Rows not loaded because all fields were null.

Bind array size not used in direct path.
Column array  rows :    5000
Stream buffer bytes:  256000
Read   buffer bytes: 1048576

Total logical records skipped:          1
Total logical records read:          1193
Total logical records rejected:         0
Total logical records discarded:        0
Total stream buffers loaded by SQL*Loader main thread:        1
Total stream buffers loaded by SQL*Loader load thread:        0

Run began on Sun Dec 04 14:05:56 2016
Run ended on Sun Dec 04 14:05:57 2016

Elapsed time was:     00:00:00.16
CPU time was:         00:00:00.10
